[INFO] Scanning for projects...
[WARNING] 
[WARNING] Some problems were encountered while building the effective model for com.bootcamp:vbg.MediaRestServices:war:1.0-SNAPSHOT
[WARNING] 'build.plugins.plugin.version' for org.apache.maven.plugins:maven-compiler-plugin is missing. @ line 225, column 21
[WARNING] 
[WARNING] It is highly recommended to fix these problems because they threaten the stability of your build.
[WARNING] 
[WARNING] For this reason, future Maven versions might no longer support building such malformed projects.
[WARNING] 
[INFO]                                                                         
[INFO] ------------------------------------------------------------------------
[INFO] Building MediaRestServices 1.0-SNAPSHOT
[INFO] ------------------------------------------------------------------------
[INFO] 
[INFO] >>> spring-boot-maven-plugin:1.5.3.RELEASE:run (default-cli) > test-compile @ vbg.MediaRestServices >>>
[INFO] 
[INFO] --- maven-resources-plugin:2.6:resources (default-resources) @ vbg.MediaRestServices ---
[INFO] Using 'UTF-8' encoding to copy filtered resources.
[INFO] skip non existing resourceDirectory /home/soul/bootcamp/bootcamp.vbg/vbg.media.fonctionnel/src/main/resources
[INFO] Copying 9 resources
[INFO] 
[INFO] --- maven-compiler-plugin:3.2:compile (default-compile) @ vbg.MediaRestServices ---
[INFO] Nothing to compile - all classes are up to date
[INFO] 
[INFO] --- maven-resources-plugin:2.6:testResources (default-testResources) @ vbg.MediaRestServices ---
[INFO] Using 'UTF-8' encoding to copy filtered resources.
[INFO] skip non existing resourceDirectory /home/soul/bootcamp/bootcamp.vbg/vbg.media.fonctionnel/src/test/resources
[INFO] 
[INFO] --- maven-compiler-plugin:3.2:testCompile (default-testCompile) @ vbg.MediaRestServices ---
[INFO] Nothing to compile - all classes are up to date
[INFO] 
[INFO] <<< spring-boot-maven-plugin:1.5.3.RELEASE:run (default-cli) < test-compile @ vbg.MediaRestServices <<<
[INFO] 
[INFO] --- spring-boot-maven-plugin:1.5.3.RELEASE:run (default-cli) @ vbg.MediaRestServices ---
SLF4J: Class path contains multiple SLF4J bindings.
SLF4J: Found binding in [jar:file:/home/soul/.m2/repository/org/slf4j/slf4j-log4j12/1.7.12/slf4j-log4j12-1.7.12.jar!/org/slf4j/impl/StaticLoggerBinder.class]
SLF4J: Found binding in [jar:file:/home/soul/.m2/repository/org/apache/logging/log4j/log4j-slf4j-impl/2.7/log4j-slf4j-impl-2.7.jar!/org/slf4j/impl/StaticLoggerBinder.class]
SLF4J: See http://www.slf4j.org/codes.html#multiple_bindings for an explanation.
SLF4J: Actual binding is of type [org.slf4j.impl.Log4jLoggerFactory]
log4j:WARN No appenders could be found for logger (org.springframework.web.context.support.StandardServletEnvironment).
log4j:WARN Please initialize the log4j system properly.
log4j:WARN See http://logging.apache.org/log4j/1.2/faq.html#noconfig for more info.

  .   ____          _            __ _ _
 /\\ / ___'_ __ _ _(_)_ __  __ _ \ \ \ \
( ( )\___ | '_ | '_| | '_ \/ _` | \ \ \ \
 \\/  ___)| |_)| | | | | || (_| |  ) ) ) )
  '  |____| .__|_| |_|_| |_\__, | / / / /
 =========|_|==============|___/=/_/_/_/
 :: Spring Boot ::        (v1.5.8.RELEASE)

[32m2017-12-14 15:13:22.171 WAT [background-preinit] o.h.v.i.u.Version INFO : HV000001: Hibernate Validator 5.3.5.Final
[m[EL Info]: 2017-12-14 15:16:25.67--ServerSession(1755752792)--EclipseLink, version: Eclipse Persistence Services - 2.5.2.v20140319-9ad6abd
[EL Info]: connection: 2017-12-14 15:16:34.473--ServerSession(1755752792)--file:/home/soul/bootcamp/bootcamp.vbg/vbg.media.fonctionnel/target/classes/_vbgDatabasePU login successful
[INFO] ------------------------------------------------------------------------
[INFO] BUILD SUCCESS
[INFO] ------------------------------------------------------------------------
[INFO] Total time: 05:57 min
[INFO] Finished at: 2017-12-14T15:19:00+01:00
[INFO] Final Memory: 49M/314M
[INFO] ------------------------------------------------------------------------
